4

S 0 _ _ _ -> copy 0 ^ 0 ^ _ > _ >
S 1 _ _ _ -> copy 1 ^ 0 ^ _ > _ >
ADD 0 0 _ _ -> ADD 0 ^ 0 > _ ^ _ ^
ADD 0 1 _ _ -> ADD 0 ^ 1 > _ ^ _ ^
ADD 0 _ _ _ -> ADDING 0 ^ _ < _ ^ _ ^
ADDING 0 0 _ _ -> 2BEGIN 0 ^ 1 ^ _ ^ _ ^
ADDING 0 1 _ _ -> ADDING 0 ^ 0 < _ ^ _ ^
ADDING 0 _ _ _ -> copy 0 ^ 1 ^ _ ^ _ ^
2BEGIN 0 0 _ _ -> 2BEGIN 0 ^ 0 < _ ^ _ ^
2BEGIN 0 1 _ _ -> 2BEGIN 0 ^ 1 < _ ^ _ ^
2BEGIN 0 _ _ _ -> copy 0 ^ _ > _ ^ _ ^
ADD 1 0 _ _ -> ADD 1 ^ 0 > _ ^ _ ^
ADD 1 1 _ _ -> ADD 1 ^ 1 > _ ^ _ ^
ADD 1 _ _ _ -> ADDING 1 ^ _ < _ ^ _ ^
ADDING 1 0 _ _ -> 2BEGIN 1 ^ 1 ^ _ ^ _ ^
ADDING 1 1 _ _ -> ADDING 1 ^ 0 < _ ^ _ ^
ADDING 1 _ _ _ -> copy 1 ^ 1 ^ _ ^ _ ^
2BEGIN 1 0 _ _ -> 2BEGIN 1 ^ 0 < _ ^ _ ^
2BEGIN 1 1 _ _ -> 2BEGIN 1 ^ 1 < _ ^ _ ^
2BEGIN 1 _ _ _ -> copy 1 ^ _ > _ ^ _ ^
ADD 2 0 _ _ -> ADD 2 ^ 0 > _ ^ _ ^
ADD 2 1 _ _ -> ADD 2 ^ 1 > _ ^ _ ^
ADD 2 _ _ _ -> ADDING 2 ^ _ < _ ^ _ ^
ADDING 2 0 _ _ -> 2BEGIN 2 ^ 1 ^ _ ^ _ ^
ADDING 2 1 _ _ -> ADDING 2 ^ 0 < _ ^ _ ^
ADDING 2 _ _ _ -> copy 2 ^ 1 ^ _ ^ _ ^
ADD 3 0 _ _ -> ADD 3 ^ 0 > _ ^ _ ^
ADD 3 1 _ _ -> ADD 3 ^ 1 > _ ^ _ ^
ADD 3 _ _ _ -> ADDING 3 ^ _ < _ ^ _ ^
ADDING 3 0 _ _ -> 2BEGIN 3 ^ 1 ^ _ ^ _ ^
ADDING 3 1 _ _ -> ADDING 3 ^ 0 < _ ^ _ ^
ADDING 3 _ _ _ -> copy 3 ^ 1 ^ _ ^ _ ^
2BEGIN 2 0 _ _ -> 2BEGIN 2 > 0 ^ _ ^ _ ^
2BEGIN 2 1 _ _ -> 2BEGIN 2 > 1 ^ _ ^ _ ^
2BEGIN 3 0 _ _ -> 2BEGIN 3 > 0 ^ _ ^ _ ^
2BEGIN 3 1 _ _ -> 2BEGIN 3 > 1 ^ _ ^ _ ^
2BEGIN | 0 _ _ -> 2BEGIN | > 0 ^ _ ^ _ ^
2BEGIN | 1 _ _ -> 2BEGIN | > 1 ^ _ ^ _ ^
2BEGIN _ 0 _ _ -> 2BEGIN _ ^ 0 > _ ^ _ ^
2BEGIN _ 1 _ _ -> 2BEGIN _ ^ 1 > _ ^ _ ^
2BEGIN _ _ _ _ -> toStartFirst _ < _ ^ _ ^ _ ^


copy 0 0 _ _ -> copy' 0 > 0 ^ 0 > _ ^
copy 1 0 _ _ -> copy' 1 > 0 ^ 1 > _ ^
copy' 0 0 _ _ -> copy' 0 > 0 ^ 0 > _ ^
copy' 1 0 _ _ -> copy' 1 > 0 ^ 1 > _ ^
copy 2 0 _ _ -> copy 2 > 0 ^ _ > _ ^
copy 3 0 _ _ -> copy 3 > 0 ^ _ > _ ^
copy | 0 _ _ -> copy | > 0 ^ _ ^ _ ^
copy' | 0 _ _ -> copied | ^ 0 ^ _ < _ ^
copy _ 0 _ _ -> toStartFirst _ > 0 ^ _ ^ _ ^
copy' _ 0 _ _ -> copied _ ^ 0 ^ _ < _ ^
copied _ 0 0 _ -> copied _ ^ 0 ^ 0 < _ ^
copied _ 0 1 _ -> copied _ ^ 0 ^ 1 < _ ^
copied _ 0 _ _ -> checking _ ^ 0 ^ _ > _ ^
copied | 0 0 _ -> copied | ^ 0 ^ 0 < _ ^
copied | 0 1 _ -> copied | ^ 0 ^ 1 < _ ^
copied | 0 _ _ -> checking | ^ 0 ^ _ > _ ^
copy 0 1 _ _ -> copy' 0 > 1 ^ 0 > _ ^
copy 1 1 _ _ -> copy' 1 > 1 ^ 1 > _ ^
copy' 0 1 _ _ -> copy' 0 > 1 ^ 0 > _ ^
copy' 1 1 _ _ -> copy' 1 > 1 ^ 1 > _ ^
copy 2 1 _ _ -> copy 2 > 1 ^ _ > _ ^
copy 3 1 _ _ -> copy 3 > 1 ^ _ > _ ^
copy | 1 _ _ -> copy | > 1 ^ _ ^ _ ^
copy' | 1 _ _ -> copied | ^ 1 ^ _ < _ ^
copy _ 1 _ _ -> toStartFirst _ > 1 ^ _ ^ _ ^
copy' _ 1 _ _ -> copied _ ^ 1 ^ _ < _ ^
copied _ 1 0 _ -> copied _ ^ 1 ^ 0 < _ ^
copied _ 1 1 _ -> copied _ ^ 1 ^ 1 < _ ^
copied _ 1 _ _ -> checking _ ^ 1 ^ _ > _ ^
copied | 1 0 _ -> copied | ^ 1 ^ 0 < _ ^
copied | 1 1 _ -> copied | ^ 1 ^ 1 < _ ^
copied | 1 _ _ -> checking | ^ 1 ^ _ > _ ^


checking | 0 0 _ -> checking | ^ 0 > 0 > _ ^
checking | 1 1 _ -> checking | ^ 1 > 1 > _ ^
checking | _ _ _ -> here | ^ _ < _ < _ ^
checking | 0 1 _ -> !here | ^ 0 ^ 0 ^ _ ^
checking | 1 0 _ -> !here | ^ 1 ^ 0 ^ _ ^
checking | _ 0 _ -> !here | ^ _ ^ 0 ^ _ ^
checking | _ 1 _ -> !here | ^ _ ^ 1 ^ _ ^
checking | 0 _ _ -> !here | ^ 0 ^ 0 ^ _ ^
checking | 1 _ _ -> !here | ^ 1 ^ 0 ^ _ ^
checking _ 0 0 _ -> checking _ ^ 0 > 0 > _ ^
checking _ 1 1 _ -> checking _ ^ 1 > 1 > _ ^
checking _ _ _ _ -> here _ ^ _ < _ < _ ^
checking _ 0 1 _ -> !here _ ^ 0 ^ 0 ^ _ ^
checking _ 1 0 _ -> !here _ ^ 1 ^ 0 ^ _ ^
checking _ _ 0 _ -> !here _ ^ _ ^ 0 ^ _ ^
checking _ _ 1 _ -> !here _ ^ _ ^ 1 ^ _ ^
checking _ 0 _ _ -> !here _ ^ 0 ^ 0 ^ _ ^
checking _ 1 _ _ -> !here _ ^ 1 ^ 0 ^ _ ^


!here | 0 1 _ -> !here | ^ 0 > _ > _ ^
!here | 0 0 _ -> !here | ^ 0 > _ > _ ^
!here | 1 1 _ -> !here | ^ 1 > _ > _ ^
!here | 1 0 _ -> !here | ^ 1 > _ > _ ^
!here | _ 1 _ -> !here | ^ _ ^ _ > _ ^
!here | _ 0 _ -> !here | ^ _ ^ _ > _ ^
!here | _ _ _ -> 2BEGIN | > _ < _ > _ ^
!here _ 0 1 _ -> !here _ ^ 0 > _ > _ ^
!here _ 0 0 _ -> !here _ ^ 0 > _ > _ ^
!here _ 1 1 _ -> !here _ ^ 1 > _ > _ ^
!here _ 1 0 _ -> !here _ ^ 1 > _ > _ ^
!here _ _ 1 _ -> !here _ ^ _ ^ _ > _ ^
!here _ _ 0 _ -> !here _ ^ _ ^ _ > _ ^
!here _ _ _ _ -> toStartFirst _ < _ ^ _ > _ ^
here _ 0 0 _ -> here _ ^ 0 < 0 < _ ^
here _ 1 1 _ -> here _ ^ 1 < 1 < _ ^
here _ _ _ _ -> copyCounterToAnswer _ ^ _ > _ > _ ^
copyCounterToAnswer _ 0 0 _ -> copyCounterToAnswer _ ^ 0 > 0 > 0 >
copyCounterToAnswer _ 1 1 _ -> copyCounterToAnswer _ ^ 1 > 1 > 1 >
copyCounterToAnswer _ _ _ _ -> replacingInputLine _ < _ ^ _ > | >
here | 0 0 _ -> here | ^ 0 < 0 < _ ^
here | 1 1 _ -> here | ^ 1 < 1 < _ ^
here | _ _ _ -> copyCounterToAnswer | ^ _ > _ > _ ^
copyCounterToAnswer | 0 0 _ -> copyCounterToAnswer | ^ 0 > 0 > 0 >
copyCounterToAnswer | 1 1 _ -> copyCounterToAnswer | ^ 1 > 1 > 1 >
copyCounterToAnswer | _ _ _ -> replacingInputLine | < _ ^ _ > | >
replacingInputLine 0 _ _ _ -> replacingInputLine 2 < _ ^ _ ^ _ ^
replacingInputLine 1 _ _ _ -> replacingInputLine 3 < _ ^ _ ^ _ ^
replacingInputLine | _ _ _ -> 2BEGIN | > _ < _ ^ _ ^
replacingInputLine _ _ _ _ -> 2BEGIN _ > _ < _ ^ _ ^
toStartFirst 0 _ _ _ -> toStartFirst 0 < _ ^ _ ^ _ ^
toStartFirst 1 _ _ _ -> toStartFirst 1 < _ ^ _ ^ _ ^
toStartFirst 2 _ _ _ -> toStartFirst 2 < _ ^ _ ^ _ ^
toStartFirst 3 _ _ _ -> toStartFirst 3 < _ ^ _ ^ _ ^
toStartFirst | _ _ _ -> toStartFirst | < _ ^ _ ^ _ ^
toStartFirst _ _ _ _ -> checkingFirst _ > _ ^ _ ^ _ ^
checkingFirst 0 _ _ _ -> toStartChecking 0 < _ ^ _ ^ _ ^
checkingFirst 1 _ _ _ -> toStartChecking 1 < _ ^ _ ^ _ ^
checkingFirst 2 _ _ _ -> checkingFirst 2 > _ ^ _ ^ _ ^
checkingFirst 3 _ _ _ -> checkingFirst 3 > _ ^ _ ^ _ ^
checkingFirst | _ _ _ -> checkingFirst | > _ ^ _ ^ _ ^
checkingFirst _ _ _ _ -> FINISH' _ ^ _ ^ _ ^ _ <
FINISH' _ _ _ | -> FINISH _ < _ ^ _ ^ _ <
FINISH 0 _ _ 0 -> FINISH 0 < _ ^ _ ^ _ <
FINISH 0 _ _ 1 -> FINISH 1 < _ ^ _ ^ _ <
FINISH 0 _ _ | -> FINISH | < _ ^ _ ^ _ <
FINISH 0 _ _ _ -> AC _ > _ ^ _ ^ _ <
FINISH 1 _ _ 0 -> FINISH 0 < _ ^ _ ^ _ <
FINISH 1 _ _ 1 -> FINISH 1 < _ ^ _ ^ _ <
FINISH 1 _ _ | -> FINISH | < _ ^ _ ^ _ <
FINISH 1 _ _ _ -> AC _ > _ ^ _ ^ _ <
FINISH 2 _ _ 0 -> FINISH 0 < _ ^ _ ^ _ <
FINISH 2 _ _ 1 -> FINISH 1 < _ ^ _ ^ _ <
FINISH 2 _ _ | -> FINISH | < _ ^ _ ^ _ <
FINISH 2 _ _ _ -> AC _ > _ ^ _ ^ _ <
FINISH 3 _ _ 0 -> FINISH 0 < _ ^ _ ^ _ <
FINISH 3 _ _ 1 -> FINISH 1 < _ ^ _ ^ _ <
FINISH 3 _ _ | -> FINISH | < _ ^ _ ^ _ <
FINISH 3 _ _ _ -> AC _ > _ ^ _ ^ _ <
FINISH | _ _ 0 -> FINISH 0 < _ ^ _ ^ _ <
FINISH | _ _ 1 -> FINISH 1 < _ ^ _ ^ _ <
FINISH | _ _ | -> FINISH | < _ ^ _ ^ _ <
FINISH | _ _ _ -> AC _ > _ ^ _ ^ _ <
FINISH _ _ _ 0 -> FINISH 0 < _ ^ _ ^ _ <
FINISH _ _ _ 1 -> FINISH 1 < _ ^ _ ^ _ <
FINISH _ _ _ | -> FINISH | < _ ^ _ ^ _ <
FINISH _ _ _ _ -> AC _ > _ ^ _ ^ _ <
toStartChecking 0 _ _ _ -> toStartChecking 0 < _ ^ _ ^ _ ^
toStartChecking 1 _ _ _ -> toStartChecking 1 < _ ^ _ ^ _ ^
toStartChecking 2 _ _ _ -> toStartChecking 2 < _ ^ _ ^ _ ^
toStartChecking 3 _ _ _ -> toStartChecking 3 < _ ^ _ ^ _ ^
toStartChecking | _ _ _ -> toStartChecking | < _ ^ _ ^ _ ^
toStartChecking _ _ _ _ -> ADDING _ > _ < _ ^ _ ^
